<?xml version="1.0" encoding="UTF-8"?>
<!-- Generated by org.testng.reporters.JUnitXMLReporter -->
<testsuite hostname="DESKTOP-79NRQ8L" name="Default test" tests="1" failures="0" timestamp="7 Dec 2020 16:34:57 GMT" time="16.31" errors="0">
  <testcase name="@AfterMethod attachtestexecutionintoreport" time="0.0" classname="com.TestRunner.Execution">
    <failure type="java.lang.NoClassDefFoundError" message="org/bson/types/ObjectId">
      <![CDATA[java.lang.NoClassDefFoundError: org/bson/types/ObjectId
	at java.lang.Class.getDeclaredMethods0(Native Method)
	at java.lang.Class.privateGetDeclaredMethods(Class.java:2701)
	at java.lang.Class.privateGetPublicMethods(Class.java:2902)
	at java.lang.Class.getMethods(Class.java:1615)
	at freemarker.ext.beans.ClassIntrospector.discoverAccessibleMethods(ClassIntrospector.java:464)
	at freemarker.ext.beans.ClassIntrospector.discoverAccessibleMethods(ClassIntrospector.java:457)
	at freemarker.ext.beans.ClassIntrospector.createClassIntrospectionData(ClassIntrospector.java:268)
	at freemarker.ext.beans.ClassIntrospector.get(ClassIntrospector.java:244)
	at freemarker.ext.beans.BeanModel.<init>(BeanModel.java:114)
	at freemarker.ext.beans.BeanModel.<init>(BeanModel.java:104)
	at freemarker.ext.beans.StringModel.<init>(StringModel.java:52)
	at freemarker.ext.beans.StringModel$1.create(StringModel.java:37)
	at freemarker.ext.beans.BeansModelCache.create(BeansModelCache.java:71)
	at freemarker.ext.util.ModelCache.getInstance(ModelCache.java:84)
	at freemarker.ext.beans.BeansWrapper.wrap(BeansWrapper.java:860)
	at freemarker.template.DefaultObjectWrapper.handleUnknownType(DefaultObjectWrapper.java:235)
	at freemarker.template.DefaultObjectWrapper.wrap(DefaultObjectWrapper.java:214)
	at freemarker.template.WrappingTemplateModel.wrap(WrappingTemplateModel.java:105)
	at freemarker.template.DefaultListAdapter.get(DefaultListAdapter.java:75)
	at freemarker.core.DynamicKeyName.dealWithNumericalKey(DynamicKeyName.java:104)
	at freemarker.core.DynamicKeyName._eval(DynamicKeyName.java:69)
	at freemarker.core.Expression.eval(Expression.java:78)
	at freemarker.core.Assignment.accept(Assignment.java:131)
	at freemarker.core.Environment.visit(Environment.java:324)
	at freemarker.core.MixedContent.accept(MixedContent.java:54)
	at freemarker.core.Environment.visitByHiddingParent(Environment.java:345)
	at freemarker.core.ConditionalBlock.accept(ConditionalBlock.java:48)
	at freemarker.core.Environment.visit(Environment.java:324)
	at freemarker.core.MixedContent.accept(MixedContent.java:54)
	at freemarker.core.Environment.visit(Environment.java:324)
	at freemarker.core.Environment.process(Environment.java:302)
	at freemarker.template.Template.process(Template.java:325)
	at com.aventstack.extentreports.reporter.BasicFileReporter.processTemplate(BasicFileReporter.java:294)
	at com.aventstack.extentreports.reporter.ExtentHtmlReporter.flush(ExtentHtmlReporter.java:56)
	at com.aventstack.extentreports.ExtentObservable.lambda$27(ExtentObservable.java:547)
	at java.util.ArrayList.forEach(ArrayList.java:1257)
	at com.aventstack.extentreports.ExtentObservable.notifyReporters(ExtentObservable.java:547)
	at com.aventstack.extentreports.ExtentObservable.flush(ExtentObservable.java:437)
	at com.aventstack.extentreports.ExtentReports.flush(ExtentReports.java:274)
	at com.WebreUsableFunctions.BaseClass.attachtestexecutionintoreport(BaseClass.java:159)
	at sun.reflect.NativeMethodAccessorImpl.invoke0(Native Method)
	at sun.reflect.NativeMethodAccessorImpl.invoke(NativeMethodAccessorImpl.java:62)
	at sun.reflect.DelegatingMethodAccessorImpl.invoke(DelegatingMethodAccessorImpl.java:43)
	at java.lang.reflect.Method.invoke(Method.java:498)
	at org.testng.internal.MethodInvocationHelper.invokeMethod(MethodInvocationHelper.java:86)
	at org.testng.internal.Invoker.invokeConfigurationMethod(Invoker.java:515)
	at org.testng.internal.Invoker.invokeConfigurations(Invoker.java:216)
	at org.testng.internal.Invoker.invokeMethod(Invoker.java:712)
	at org.testng.internal.Invoker.invokeTestMethod(Invoker.java:823)
	at org.testng.internal.Invoker.invokeTestMethods(Invoker.java:1131)
	at org.testng.internal.TestMethodWorker.invokeTestMethods(TestMethodWorker.java:129)
	at org.testng.internal.TestMethodWorker.run(TestMethodWorker.java:112)
	at org.testng.TestRunner.privateRun(TestRunner.java:778)
	at org.testng.TestRunner.run(TestRunner.java:632)
	at org.testng.SuiteRunner.runTest(SuiteRunner.java:366)
	at org.testng.SuiteRunner.runSequentially(SuiteRunner.java:361)
	at org.testng.SuiteRunner.privateRun(SuiteRunner.java:319)
	at org.testng.SuiteRunner.run(SuiteRunner.java:268)
	at org.testng.SuiteRunnerWorker.runSuite(SuiteRunnerWorker.java:52)
	at org.testng.SuiteRunnerWorker.run(SuiteRunnerWorker.java:86)
	at org.testng.TestNG.runSuitesSequentially(TestNG.java:1225)
	at org.testng.TestNG.runSuitesLocally(TestNG.java:1150)
	at org.testng.TestNG.runSuites(TestNG.java:1075)
	at org.testng.TestNG.run(TestNG.java:1047)
	at org.testng.remote.AbstractRemoteTestNG.run(AbstractRemoteTestNG.java:126)
	at org.testng.remote.RemoteTestNG.initAndRun(RemoteTestNG.java:137)
	at org.testng.remote.RemoteTestNG.main(RemoteTestNG.java:58)
Caused by: java.lang.ClassNotFoundException: org.bson.types.ObjectId
	at java.net.URLClassLoader.findClass(URLClassLoader.java:382)
	at java.lang.ClassLoader.loadClass(ClassLoader.java:424)
	at sun.misc.Launcher$AppClassLoader.loadClass(Launcher.java:349)
	at java.lang.ClassLoader.loadClass(ClassLoader.java:357)
	... 67 more
]]>
    </failure>
  </testcase> <!-- @AfterMethod attachtestexecutionintoreport -->
  <testcase name="run" time="15.503" classname="com.TestRunner.Execution"/>
</testsuite> <!-- Default test -->
